Traceback (most recent call last):
  File "/home/runner/miniconda3/envs/cookbook-dev/lib/python3.10/site-packages/jupyter_core/utils/__init__.py", line 154, in wrapped
    asyncio.get_running_loop()
RuntimeError: no running event loop

During handling of the above exception, another exception occurred:

Traceback (most recent call last):
  File "/home/runner/miniconda3/envs/cookbook-dev/lib/python3.10/site-packages/jupyter_cache/executors/utils.py", line 58, in single_nb_execution
    executenb(
  File "/home/runner/miniconda3/envs/cookbook-dev/lib/python3.10/site-packages/nbclient/client.py", line 1319, in execute
    return NotebookClient(nb=nb, resources=resources, km=km, **kwargs).execute()
  File "/home/runner/miniconda3/envs/cookbook-dev/lib/python3.10/site-packages/jupyter_core/utils/__init__.py", line 158, in wrapped
    return loop.run_until_complete(inner)
  File "/home/runner/miniconda3/envs/cookbook-dev/lib/python3.10/asyncio/base_events.py", line 649, in run_until_complete
    return future.result()
  File "/home/runner/miniconda3/envs/cookbook-dev/lib/python3.10/site-packages/nbclient/client.py", line 709, in async_execute
    await self.async_execute_cell(
  File "/home/runner/miniconda3/envs/cookbook-dev/lib/python3.10/site-packages/nbclient/client.py", line 1062, in async_execute_cell
    await self._check_raise_for_error(cell, cell_index, exec_reply)
  File "/home/runner/miniconda3/envs/cookbook-dev/lib/python3.10/site-packages/nbclient/client.py", line 918, in _check_raise_for_error
    raise CellExecutionError.from_cell_and_msg(cell, exec_reply_content)
nbclient.exceptions.CellExecutionError: An error occurred while executing the following cell:
------------------
import numpy as np
import odc.stac
import pandas as pd
import planetary_computer
import pystac_client
import xarray as xr
from dask.distributed import Client
from pystac.extensions.eo import EOExtension as eo
from dask_ml.cluster import SpectralClustering
import pyproj

# Viz
import hvplot.xarray
------------------


[0;31m---------------------------------------------------------------------------[0m
[0;31mImportError[0m                               Traceback (most recent call last)
Cell [0;32mIn[1], line 7[0m
[1;32m      5[0m [38;5;28;01mimport[39;00m[38;5;250m [39m[38;5;21;01mpystac_client[39;00m
[1;32m      6[0m [38;5;28;01mimport[39;00m[38;5;250m [39m[38;5;21;01mxarray[39;00m[38;5;250m [39m[38;5;28;01mas[39;00m[38;5;250m [39m[38;5;21;01mxr[39;00m
[0;32m----> 7[0m [38;5;28;01mfrom[39;00m[38;5;250m [39m[38;5;21;01mdask[39;00m[38;5;21;01m.[39;00m[38;5;21;01mdistributed[39;00m[38;5;250m [39m[38;5;28;01mimport[39;00m Client
[1;32m      8[0m [38;5;28;01mfrom[39;00m[38;5;250m [39m[38;5;21;01mpystac[39;00m[38;5;21;01m.[39;00m[38;5;21;01mextensions[39;00m[38;5;21;01m.[39;00m[38;5;21;01meo[39;00m[38;5;250m [39m[38;5;28;01mimport[39;00m EOExtension [38;5;28;01mas[39;00m eo
[1;32m      9[0m [38;5;28;01mfrom[39;00m[38;5;250m [39m[38;5;21;01mdask_ml[39;00m[38;5;21;01m.[39;00m[38;5;21;01mcluster[39;00m[38;5;250m [39m[38;5;28;01mimport[39;00m SpectralClustering

File [0;32m~/miniconda3/envs/cookbook-dev/lib/python3.10/site-packages/dask/distributed.py:13[0m
[1;32m      5[0m _import_error_message [38;5;241m=[39m (
[1;32m      6[0m     [38;5;124m"[39m[38;5;124mdask.distributed is not installed.[39m[38;5;130;01m\n[39;00m[38;5;130;01m\n[39;00m[38;5;124m"[39m
[1;32m      7[0m     [38;5;124m"[39m[38;5;124mPlease either conda or pip install distributed:[39m[38;5;130;01m\n[39;00m[38;5;130;01m\n[39;00m[38;5;124m"[39m
[1;32m      8[0m     [38;5;124m"[39m[38;5;124m  conda install dask distributed             # either conda install[39m[38;5;130;01m\n[39;00m[38;5;124m"[39m
[1;32m      9[0m     [38;5;124m'[39m[38;5;124m  python -m pip install [39m[38;5;124m"[39m[38;5;124mdask[distributed][39m[38;5;124m"[39m[38;5;124m --upgrade    # or pip install[39m[38;5;124m'[39m
[1;32m     10[0m )
[1;32m     12[0m [38;5;28;01mtry[39;00m:
[0;32m---> 13[0m     [38;5;28;01mfrom[39;00m[38;5;250m [39m[38;5;21;01mdistributed[39;00m[38;5;250m [39m[38;5;28;01mimport[39;00m [38;5;241m*[39m
[1;32m     14[0m [38;5;28;01mexcept[39;00m [38;5;167;01mImportError[39;00m [38;5;28;01mas[39;00m e:
[1;32m     15[0m     [38;5;28;01mif[39;00m e[38;5;241m.[39mmsg [38;5;241m==[39m [38;5;124m"[39m[38;5;124mNo module named [39m[38;5;124m'[39m[38;5;124mdistributed[39m[38;5;124m'[39m[38;5;124m"[39m:

File [0;32m~/miniconda3/envs/cookbook-dev/lib/python3.10/site-packages/distributed/__init__.py:23[0m
[1;32m     20[0m [38;5;28;01mfrom[39;00m[38;5;250m [39m[38;5;21;01mdask[39;00m[38;5;21;01m.[39;00m[38;5;21;01mconfig[39;00m[38;5;250m [39m[38;5;28;01mimport[39;00m config  [38;5;66;03m# type: ignore[39;00m
[1;32m     22[0m [38;5;28;01mfrom[39;00m[38;5;250m [39m[38;5;21;01mdistributed[39;00m[38;5;21;01m.[39;00m[38;5;21;01m_version[39;00m[38;5;250m [39m[38;5;28;01mimport[39;00m get_versions
[0;32m---> 23[0m [38;5;28;01mfrom[39;00m[38;5;250m [39m[38;5;21;01mdistributed[39;00m[38;5;21;01m.[39;00m[38;5;21;01mactor[39;00m[38;5;250m [39m[38;5;28;01mimport[39;00m Actor, ActorFuture, BaseActorFuture
[1;32m     24[0m [38;5;28;01mfrom[39;00m[38;5;250m [39m[38;5;21;01mdistributed[39;00m[38;5;21;01m.[39;00m[38;5;21;01mclient[39;00m[38;5;250m [39m[38;5;28;01mimport[39;00m (
[1;32m     25[0m     Client,
[1;32m     26[0m     CompatibleExecutor,
[0;32m   (...)[0m
[1;32m     35[0m     wait,
[1;32m     36[0m )
[1;32m     37[0m [38;5;28;01mfrom[39;00m[38;5;250m [39m[38;5;21;01mdistributed[39;00m[38;5;21;01m.[39;00m[38;5;21;01mcore[39;00m[38;5;250m [39m[38;5;28;01mimport[39;00m Status, connect, rpc

File [0;32m~/miniconda3/envs/cookbook-dev/lib/python3.10/site-packages/distributed/actor.py:13[0m
[1;32m      9[0m [38;5;28;01mfrom[39;00m[38;5;250m [39m[38;5;21;01mtyping[39;00m[38;5;250m [39m[38;5;28;01mimport[39;00m Generic, Literal, NoReturn, TypeVar
[1;32m     11[0m [38;5;28;01mfrom[39;00m[38;5;250m [39m[38;5;21;01mtornado[39;00m[38;5;21;01m.[39;00m[38;5;21;01mioloop[39;00m[38;5;250m [39m[38;5;28;01mimport[39;00m IOLoop
[0;32m---> 13[0m [38;5;28;01mfrom[39;00m[38;5;250m [39m[38;5;21;01mdistributed[39;00m[38;5;21;01m.[39;00m[38;5;21;01mclient[39;00m[38;5;250m [39m[38;5;28;01mimport[39;00m Future
[1;32m     14[0m [38;5;28;01mfrom[39;00m[38;5;250m [39m[38;5;21;01mdistributed[39;00m[38;5;21;01m.[39;00m[38;5;21;01mprotocol[39;00m[38;5;250m [39m[38;5;28;01mimport[39;00m to_serialize
[1;32m     15[0m [38;5;28;01mfrom[39;00m[38;5;250m [39m[38;5;21;01mdistributed[39;00m[38;5;21;01m.[39;00m[38;5;21;01mutils[39;00m[38;5;250m [39m[38;5;28;01mimport[39;00m LateLoopEvent, iscoroutinefunction, sync, thread_state

File [0;32m~/miniconda3/envs/cookbook-dev/lib/python3.10/site-packages/distributed/client.py:34[0m
[1;32m     31[0m [38;5;28;01mfrom[39;00m[38;5;250m [39m[38;5;21;01mtlz[39;00m[38;5;250m [39m[38;5;28;01mimport[39;00m first, groupby, merge, partition_all, valmap
[1;32m     33[0m [38;5;28;01mimport[39;00m[38;5;250m [39m[38;5;21;01mdask[39;00m
[0;32m---> 34[0m [38;5;28;01mfrom[39;00m[38;5;250m [39m[38;5;21;01mdask[39;00m[38;5;21;01m.[39;00m[38;5;21;01mbase[39;00m[38;5;250m [39m[38;5;28;01mimport[39;00m collections_to_dsk, normalize_token, tokenize
[1;32m     35[0m [38;5;28;01mfrom[39;00m[38;5;250m [39m[38;5;21;01mdask[39;00m[38;5;21;01m.[39;00m[38;5;21;01mcore[39;00m[38;5;250m [39m[38;5;28;01mimport[39;00m flatten, validate_key
[1;32m     36[0m [38;5;28;01mfrom[39;00m[38;5;250m [39m[38;5;21;01mdask[39;00m[38;5;21;01m.[39;00m[38;5;21;01mhighlevelgraph[39;00m[38;5;250m [39m[38;5;28;01mimport[39;00m HighLevelGraph

[0;31mImportError[0m: cannot import name 'collections_to_dsk' from 'dask.base' (/home/runner/miniconda3/envs/cookbook-dev/lib/python3.10/site-packages/dask/base.py)

